02.04.2024 14:49:48 - Pera Peric uspesna prijava.
02.04.2024 14:49:30 - Miro Avejic uspesna odjava
02.04.2024 14:47:55 - Miro Avejic uspesna prijava.
02.04.2024 14:39:27 - Miro Avejic uspesna odjava
02.04.2024 14:38:59 - Miro Avejic uspesna prijava.
02.04.2024 14:13:10 - Miro Avejic uspesna odjava
02.04.2024 14:12:58 - Miro Avejic uspesna prijava.
02.04.2024 14:12:48 - mmiro@gmail.com pogresna lozinka mmiro.
02.04.2024 13:24:26 - Miro Avejic uspesna odjava
02.04.2024 13:21:43 - Miro Avejic uspesna prijava.
01.04.2024 13:15:56 - Miro Avejic uspesna odjava
01.04.2024 13:15:24 - Miro Avejic uspesna prijava.
01.04.2024 13:12:56 - Miro Avejic uspesna odjava
01.04.2024 13:12:18 - Miro Avejic uspesna prijava.
01.04.2024 13:05:13 - Бошко Богојевић uspesna odjava
01.04.2024 13:05:09 - Бошко Богојевић uspesna prijava.
01.04.2024 13:03:28 - miroavejic@gmail.com korisnik ne postoji.
13.04.2021 16:11:45 - Бошко Богојевић uspesna prijava.
06.04.2021 15:34:31 - Бошко Богојевић uspesna prijava.
12.03.2021 19:23:29 - Бошко Богојевић uspesna odjava
12.03.2021 19:22:37 - Бошко Богојевић uspesna prijava.
12.03.2021 19:12:47 - asdsad korisnik ne postoji.
09.02.2021 19:29:13 - Бошко Богојевић uspesna prijava.
09.02.2021 19:27:48 - Бошко Богојевић uspesna odjava
09.02.2021 19:23:55 - Бошко Богојевић uspesna prijava.
09.02.2021 19:23:26 - Cane Kurbla uspesna prijava.
09.02.2021 19:22:56 - Бошко Богојевић uspesna odjava
09.02.2021 19:22:22 - Бошко Богојевић uspesna prijava.
09.02.2021 19:22:17 - Cane Kurbla uspesna odjava
09.02.2021 19:21:43 - Cane Kurbla uspesna prijava.
09.02.2021 19:21:36 - Бошко Богојевић uspesna odjava
09.02.2021 19:12:30 - Бошко Богојевић uspesna prijava.
09.02.2021 19:09:39 - Бошко Богојевић uspesna odjava
09.02.2021 18:41:28 - Бошко Богојевић uspesna prijava.
09.02.2021 18:38:51 - Бошко Богојевић uspesna odjava
09.02.2021 18:35:17 - Бошко Богојевић uspesna prijava.
09.02.2021 18:24:08 - Бошко Богојевић uspesna odjava
09.02.2021 17:33:11 - Бошко Богојевић uspesna prijava.
09.02.2021 17:26:49 - Бошко Богојевић uspesna odjava
09.02.2021 16:33:24 - Бошко Богојевић uspesna prijava.
09.02.2021 16:33:18 - Cane Kurbla uspesna odjava
09.02.2021 16:32:56 - Cane Kurbla uspesna prijava.
09.02.2021 16:32:45 - Бошко Богојевић uspesna odjava
09.02.2021 16:32:23 - Бошко Богојевић uspesna prijava.
02.02.2021 19:10:04 - Бошко Богојевић uspesna prijava.
26.01.2021 19:30:57 - Бошко Богојевић uspesna odjava
26.01.2021 19:24:59 - Бошко Богојевић uspesna prijava.
26.01.2021 19:24:53 - Cane Kurbla uspesna odjava
26.01.2021 19:24:09 - Cane Kurbla uspesna prijava.
26.01.2021 19:24:01 - Бошко Богојевић uspesna odjava
26.01.2021 19:21:59 - Бошко Богојевић uspesna prijava.
26.01.2021 19:21:50 - Бошко Богојевић uspesna odjava
26.01.2021 18:41:40 - Бошко Богојевић uspesna prijava.
26.01.2021 18:41:35 - Nedozvoljeni karakteri 'asd sda sda ', 'sdas sd sd as' sa IP adrese ::1.
26.01.2021 18:41:25 - Nedozvoljeni karakteri 'asd=sad=sad=', 'asd asd ad as' sa IP adrese ::1.
26.01.2021 18:41:16 - Бошко Богојевић uspesna odjava
26.01.2021 18:40:33 - Бошко Богојевић uspesna prijava.
26.01.2021 18:40:22 - Nedozvoljeni karakteri 'dfsd=fsdf=sdf', 'sdfds sdf sdf sdf'.
26.01.2021 18:40:00 - Nedozvoljeni karakteri 'sdfsdf=sdfsdf=sdfsdf', ''.
26.01.2021 18:39:50 - bbosko@skola.com pogresna lozinka sdasdasdasd.
26.01.2021 18:39:44 - dfsdds korisnik ne postoji.
26.01.2021 18:39:38 - Бошко Богојевић uspesna odjava
26.01.2021 18:35:41 - Бошко Богојевић uspesna prijava.
26.01.2021 18:35:35 - Pera Peric uspesna odjava
26.01.2021 18:35:33 - Pera Peric uspesna prijava.
26.01.2021 18:35:16 - Cane Kurbla uspesna odjava
26.01.2021 18:35:12 - Cane Kurbla uspesna prijava.
26.01.2021 18:35:04 - Бошко Богојевић uspesna odjava
26.01.2021 18:33:36 - Бошко Богојевић uspesna prijava.
26.01.2021 18:33:22 - Бошко Богојевић uspesna odjava
